# JRE version: Java(TM) SE Runtime Environment (8.0_301-b09) (build 1.8.0_301-b09)
# Java VM: Java HotSpot(TM) Client VM (25.301-b09 mixed mode, sharing windows-x86 )
Heap:
 def new generation   total 5888K, used 135K [0x04c00000, 0x05260000, 0x0a150000)
  eden space 5248K,   2% used [0x04c00000, 0x04c21e38, 0x05120000)
  from space 640K,   0% used [0x05120000, 0x05120000, 0x051c0000)
  to   space 640K,   0% used [0x051c0000, 0x051c0000, 0x05260000)
 tenured generation   total 12988K, used 7791K [0x0a150000, 0x0adff000, 0x14c00000)
   the space 12988K,  59% used [0x0a150000, 0x0a8ebee0, 0x0a8ec000, 0x0adff000)
 Metaspace       used 9459K, capacity 9654K, committed 9728K, reserved 10624K
GC Heap History (10 events):
Event: 3.577 GC heap before
{Heap before GC invocations=16 (full 0):
 def new generation   total 4928K, used 4921K [0x04c00000, 0x05150000, 0x0a150000)
  eden space 4416K,  99% used [0x04c00000, 0x0504e6e0, 0x05050000)
  from space 512K, 100% used [0x05050000, 0x050d0000, 0x050d0000)
  to   space 512K,   0% used [0x050d0000, 0x050d0000, 0x05150000)
 tenured generation   total 10944K, used 7864K [0x0a150000, 0x0ac00000, 0x14c00000)
   the space 10944K,  71% used [0x0a150000, 0x0a8fe1b0, 0x0a8fe200, 0x0ac00000)
 Metaspace       used 6585K, capacity 7078K, committed 7168K, reserved 7552K
Event: 3.583 GC heap after
Heap after GC invocations=17 (full 0):
 def new generation   total 4928K, used 512K [0x04c00000, 0x05150000, 0x0a150000)
  eden space 4416K,   0% used [0x04c00000, 0x04c00000, 0x05050000)
  from space 512K, 100% used [0x050d0000, 0x05150000, 0x05150000)
  to   space 512K,   0% used [0x05050000, 0x05050000, 0x050d0000)
 tenured generation   total 10944K, used 8741K [0x0a150000, 0x0ac00000, 0x14c00000)
   the space 10944K,  79% used [0x0a150000, 0x0a9d9640, 0x0a9d9800, 0x0ac00000)
 Metaspace       used 6585K, capacity 7078K, committed 7168K, reserved 7552K
}
Event: 3.649 GC heap before
{Heap before GC invocations=17 (full 0):
 def new generation   total 4928K, used 4928K [0x04c00000, 0x05150000, 0x0a150000)
  eden space 4416K, 100% used [0x04c00000, 0x05050000, 0x05050000)
  from space 512K, 100% used [0x050d0000, 0x05150000, 0x05150000)
  to   space 512K,   0% used [0x05050000, 0x05050000, 0x050d0000)
 tenured generation   total 10944K, used 8741K [0x0a150000, 0x0ac00000, 0x14c00000)
   the space 10944K,  79% used [0x0a150000, 0x0a9d9640, 0x0a9d9800, 0x0ac00000)
 Metaspace       used 6707K, capacity 7080K, committed 7168K, reserved 7552K
Event: 3.655 GC heap after
Heap after GC invocations=18 (full 0):
 def new generation   total 4928K, used 512K [0x04c00000, 0x05150000, 0x0a150000)
  eden space 4416K,   0% used [0x04c00000, 0x04c00000, 0x05050000)
  from space 512K, 100% used [0x05050000, 0x050d0000, 0x050d0000)
  to   space 512K,   0% used [0x050d0000, 0x050d0000, 0x05150000)
 tenured generation   total 10944K, used 9421K [0x0a150000, 0x0ac00000, 0x14c00000)
   the space 10944K,  86% used [0x0a150000, 0x0aa83670, 0x0aa83800, 0x0ac00000)
 Metaspace       used 6707K, capacity 7080K, committed 7168K, reserved 7552K
}
Event: 3.705 GC heap before
{Heap before GC invocations=18 (full 0):
 def new generation   total 4928K, used 4928K [0x04c00000, 0x05150000, 0x0a150000)
  eden space 4416K, 100% used [0x04c00000, 0x05050000, 0x05050000)
  from space 512K, 100% used [0x05050000, 0x050d0000, 0x050d0000)
  to   space 512K,   0% used [0x050d0000, 0x050d0000, 0x05150000)
 tenured generation   total 10944K, used 9421K [0x0a150000, 0x0ac00000, 0x14c00000)
   the space 10944K,  86% used [0x0a150000, 0x0aa83670, 0x0aa83800, 0x0ac00000)
 Metaspace       used 6891K, capacity 7130K, committed 7168K, reserved 7552K
Event: 3.709 GC heap after
Heap after GC invocations=19 (full 0):
 def new generation   total 4928K, used 512K [0x04c00000, 0x05150000, 0x0a150000)
  eden space 4416K,   0% used [0x04c00000, 0x04c00000, 0x05050000)
  from space 512K, 100% used [0x050d0000, 0x05150000, 0x05150000)
  to   space 512K,   0% used [0x05050000, 0x05050000, 0x050d0000)
 tenured generation   total 10944K, used 9837K [0x0a150000, 0x0ac00000, 0x14c00000)
   the space 10944K,  89% used [0x0a150000, 0x0aaeb5b0, 0x0aaeb600, 0x0ac00000)
 Metaspace       used 6891K, capacity 7130K, committed 7168K, reserved 7552K
}
Event: 4.493 GC heap before
{Heap before GC invocations=19 (full 0):
 def new generation   total 4928K, used 4928K [0x04c00000, 0x05150000, 0x0a150000)
  eden space 4416K, 100% used [0x04c00000, 0x05050000, 0x05050000)
  from space 512K, 100% used [0x050d0000, 0x05150000, 0x05150000)
  to   space 512K,   0% used [0x05050000, 0x05050000, 0x050d0000)
 tenured generation   total 10944K, used 9837K [0x0a150000, 0x0ac00000, 0x14c00000)
   the space 10944K,  89% used [0x0a150000, 0x0aaeb5b0, 0x0aaeb600, 0x0ac00000)
 Metaspace       used 8542K, capacity 8726K, committed 8832K, reserved 9600K
Event: 4.499 GC heap after
Heap after GC invocations=20 (full 0):
 def new generation   total 4928K, used 512K [0x04c00000, 0x05150000, 0x0a150000)
  eden space 4416K,   0% used [0x04c00000, 0x04c00000, 0x05050000)
  from space 512K, 100% used [0x05050000, 0x050d0000, 0x050d0000)
  to   space 512K,   0% used [0x050d0000, 0x050d0000, 0x05150000)
 tenured generation   total 10944K, used 10400K [0x0a150000, 0x0ac00000, 0x14c00000)
   the space 10944K,  95% used [0x0a150000, 0x0ab78238, 0x0ab78400, 0x0ac00000)
 Metaspace       used 8542K, capacity 8726K, committed 8832K, reserved 9600K
}
Event: 5.837 GC heap before
{Heap before GC invocations=20 (full 0):
 def new generation   total 4928K, used 4928K [0x04c00000, 0x05150000, 0x0a150000)
  eden space 4416K, 100% used [0x04c00000, 0x05050000, 0x05050000)
  from space 512K, 100% used [0x05050000, 0x050d0000, 0x050d0000)
  to   space 512K,   0% used [0x050d0000, 0x050d0000, 0x05150000)
 tenured generation   total 10944K, used 10400K [0x0a150000, 0x0ac00000, 0x14c00000)
   the space 10944K,  95% used [0x0a150000, 0x0ab78238, 0x0ab78400, 0x0ac00000)
 Metaspace       used 9458K, capacity 9654K, committed 9728K, reserved 10624K
Event: 5.877 GC heap after
Heap after GC invocations=21 (full 1):
 def new generation   total 5888K, used 0K [0x04c00000, 0x05260000, 0x0a150000)
  eden space 5248K,   0% used [0x04c00000, 0x04c00000, 0x05120000)
  from space 640K,   0% used [0x05120000, 0x05120000, 0x051c0000)
  to   space 640K,   0% used [0x051c0000, 0x051c0000, 0x05260000)
 tenured generation   total 12988K, used 7791K [0x0a150000, 0x0adff000, 0x14c00000)
   the space 12988K,  59% used [0x0a150000, 0x0a8ebee0, 0x0a8ec000, 0x0adff000)
 Metaspace       used 9458K, capacity 9654K, committed 9728K, reserved 10624K
}

